\BOOKMARK [1][-]{section.1}{Philosophy of PPBstats}{}% 1
\BOOKMARK [2][-]{subsection.1.1}{What is Participatory Plant Breeding?}{section.1}% 2
\BOOKMARK [2][-]{subsection.1.2}{Objectives of PPBstats}{section.1}% 3
\BOOKMARK [2][-]{subsection.1.3}{Workflow and function relations in PPBstats}{section.1}% 4
\BOOKMARK [2][-]{subsection.1.4}{Frequentist statistics}{section.1}% 5
\BOOKMARK [3][-]{subsubsection.1.4.1}{Theory}{subsection.1.4}% 6
\BOOKMARK [3][-]{subsubsection.1.4.2}{Mean comparisons}{subsection.1.4}% 7
\BOOKMARK [2][-]{subsection.1.5}{Bayesian statistics}{section.1}% 8
\BOOKMARK [3][-]{subsubsection.1.5.1}{Theory}{subsection.1.5}% 9
\BOOKMARK [3][-]{subsubsection.1.5.2}{Mean comparisons}{subsection.1.5}% 10
\BOOKMARK [2][-]{subsection.1.6}{Let's go!}{section.1}% 11
\BOOKMARK [1][-]{section.2}{Design the experiment}{}% 12
\BOOKMARK [2][-]{subsection.2.1}{Analysis carry out in PPBstats}{section.2}% 13
\BOOKMARK [2][-]{subsection.2.2}{Experimental design}{section.2}% 14
\BOOKMARK [3][-]{subsubsection.2.2.1}{Case 1}{subsection.2.2}% 15
\BOOKMARK [3][-]{subsubsection.2.2.2}{Case 2}{subsection.2.2}% 16
\BOOKMARK [3][-]{subsubsection.2.2.3}{Case 3}{subsection.2.2}% 17
\BOOKMARK [3][-]{subsubsection.2.2.4}{Case ???}{subsection.2.2}% 18
\BOOKMARK [1][-]{section.3}{Sow, note, harvest, measure ... }{}% 19
\BOOKMARK [1][-]{section.4}{Describe the data}{}% 20
\BOOKMARK [1][-]{section.5}{Family of analysis 1 : entry effects on one farm}{}% 21
\BOOKMARK [2][-]{subsection.5.1}{Classic ANOVA}{section.5}% 22
\BOOKMARK [2][-]{subsection.5.2}{Spatial analysis}{section.5}% 23
\BOOKMARK [2][-]{subsection.5.3}{model\1371 to perform mean comparisons on farms }{section.5}% 24
\BOOKMARK [3][-]{subsubsection.5.3.1}{Theory of the model}{subsection.5.3}% 25
\BOOKMARK [3][-]{subsubsection.5.3.2}{Steps with PPBstats}{subsection.5.3}% 26
\BOOKMARK [3][-]{subsubsection.5.3.3}{Run the model}{subsection.5.3}% 27
\BOOKMARK [3][-]{subsubsection.5.3.4}{Check and visualize model outputs}{subsection.5.3}% 28
\BOOKMARK [3][-]{subsubsection.5.3.5}{Get and visualize mean comparisons}{subsection.5.3}% 29
\BOOKMARK [1][-]{section.6}{Family of analysis 2 : germplasm, location, year, environment, and interaction effects in a network of farms}{}% 30
\BOOKMARK [2][-]{subsection.6.1}{AMMI}{section.6}% 31
\BOOKMARK [3][-]{subsubsection.6.1.1}{Theory of the model}{subsection.6.1}% 32
\BOOKMARK [3][-]{subsubsection.6.1.2}{Steps with PPBstats}{subsection.6.1}% 33
\BOOKMARK [3][-]{subsubsection.6.1.3}{Run the model}{subsection.6.1}% 34
\BOOKMARK [3][-]{subsubsection.6.1.4}{Check and visualize model outputs}{subsection.6.1}% 35
\BOOKMARK [3][-]{subsubsection.6.1.5}{Get and visualize mean comparisons}{subsection.6.1}% 36
\BOOKMARK [3][-]{subsubsection.6.1.6}{Get and visualize biplot}{subsection.6.1}% 37
\BOOKMARK [3][-]{subsubsection.6.1.7}{Get and vizualise groups of parameters}{subsection.6.1}% 38
\BOOKMARK [2][-]{subsection.6.2}{GGE}{section.6}% 39
\BOOKMARK [3][-]{subsubsection.6.2.1}{Theory of the model}{subsection.6.2}% 40
\BOOKMARK [3][-]{subsubsection.6.2.2}{Steps with PPBstats}{subsection.6.2}% 41
\BOOKMARK [3][-]{subsubsection.6.2.3}{Run the model}{subsection.6.2}% 42
\BOOKMARK [3][-]{subsubsection.6.2.4}{Check and visualize model outputs}{subsection.6.2}% 43
\BOOKMARK [3][-]{subsubsection.6.2.5}{Get and visualize mean comparisons}{subsection.6.2}% 44
\BOOKMARK [3][-]{subsubsection.6.2.6}{Get and visualize biplot}{subsection.6.2}% 45
\BOOKMARK [3][-]{subsubsection.6.2.7}{Get and vizualise groups of parameters}{subsection.6.2}% 46
\BOOKMARK [2][-]{subsection.6.3}{model\1372 to analyse G E interaction in the network of farms }{section.6}% 47
\BOOKMARK [3][-]{subsubsection.6.3.1}{Theory of the model}{subsection.6.3}% 48
\BOOKMARK [3][-]{subsubsection.6.3.2}{Steps with PPBstats}{subsection.6.3}% 49
\BOOKMARK [3][-]{subsubsection.6.3.3}{Run the model}{subsection.6.3}% 50
\BOOKMARK [3][-]{subsubsection.6.3.4}{Check and visualize model outputs}{subsection.6.3}% 51
\BOOKMARK [3][-]{subsubsection.6.3.5}{Perform cross validation studies}{subsection.6.3}% 52
\BOOKMARK [3][-]{subsubsection.6.3.6}{Get and visualize mean comparisons}{subsection.6.3}% 53
\BOOKMARK [3][-]{subsubsection.6.3.7}{Get and vizualise groups of parameters}{subsection.6.3}% 54
\BOOKMARK [3][-]{subsubsection.6.3.8}{Predict the past}{subsection.6.3}% 55
\BOOKMARK [1][-]{section.7}{Family of analysis 3 : effects from family 1 and 2 in a network of farms}{}% 56
\BOOKMARK [2][-]{subsection.7.1}{model 3 }{section.7}% 57
\BOOKMARK [1][-]{section.8}{Family of analysis 4 : specific research questions on one farm or more}{}% 58
\BOOKMARK [2][-]{subsection.8.1}{migrant residant}{section.8}% 59
\BOOKMARK [2][-]{subsection.8.2}{Version}{section.8}% 60
\BOOKMARK [1][-]{section.9}{Family of analysis 5 : multivariate analysis}{}% 61
\BOOKMARK [2][-]{subsection.9.1}{Multivariate analysis}{section.9}% 62
\BOOKMARK [3][-]{subsubsection.9.1.1}{Format the data}{subsection.9.1}% 63
\BOOKMARK [3][-]{subsubsection.9.1.2}{Run the analysis}{subsection.9.1}% 64
\BOOKMARK [1][-]{section.10}{Contribute}{}% 65
\BOOKMARK [2][-]{subsection.10.1}{Test and report bugs}{section.10}% 66
\BOOKMARK [2][-]{subsection.10.2}{Translate}{section.10}% 67
\BOOKMARK [2][-]{subsection.10.3}{Add new functions}{section.10}% 68
\BOOKMARK [1][-]{section*.31}{To cite PPBstats}{}% 69
\BOOKMARK [1][-]{section*.32}{Aknowledgement}{}% 70
\BOOKMARK [1][-]{section*.33}{References}{}% 71
